[    67.977] (--) Log file renamed from "/home/jenkins/.local/share/xorg/Xorg.pid-1504.log" to "/home/jenkins/.local/share/xorg/Xorg.0.log"
[    67.979] 
X.Org X Server 1.20.8
X Protocol Version 11, Revision 0
[    67.979] Build Operating System: Linux 4.4.0-184-generic x86_64 Ubuntu
[    67.979] Current Operating System: Linux jenkins-virtual-machine 5.4.0-42-generic #46~18.04.1-Ubuntu SMP Fri Jul 10 07:21:24 UTC 2020 x86_64
[    67.979] Kernel command line: BOOT_IMAGE=/boot/vmlinuz-5.4.0-42-generic root=UUID=8b85c29e-524d-41d7-9251-f62074260956 ro find_preseed=/preseed.cfg auto noprompt priority=critical locale=en_US quiet
[    67.979] Build Date: 03 July 2020  07:00:25AM
[    67.979] xorg-server-hwe-18.04 2:1.20.8-2ubuntu2.2~18.04.1 (For technical support please see http://www.ubuntu.com/support) 
[    67.979] Current version of pixman: 0.34.0
[    67.979] 	Before reporting problems, check http://wiki.x.org
	to make sure that you have the latest version.
[    67.979] Markers: (--) probed, (**) from config file, (==) default setting,
	(++) from command line, (!!) notice, (II) informational,
	(WW) warning, (EE) error, (NI) not implemented, (??) unknown.
[    67.979] (==) Log file: "/home/jenkins/.local/share/xorg/Xorg.0.log", Time: Fri Nov  6 10:30:42 2020
[    67.981] (==) Using system config directory "/usr/share/X11/xorg.conf.d"
[    67.983] (==) No Layout section.  Using the first Screen section.
[    67.983] (==) No screen section available. Using defaults.
[    67.983] (**) |-->Screen "Default Screen Section" (0)
[    67.983] (**) |   |-->Monitor "<default monitor>"
[    67.984] (==) No monitor specified for screen "Default Screen Section".
	Using a default monitor configuration.
[    67.984] (==) Automatically adding devices
[    67.984] (==) Automatically enabling devices
[    67.984] (==) Automatically adding GPU devices
[    67.984] (==) Automatically binding GPU devices
[    67.984] (==) Max clients allowed: 256, resource mask: 0x1fffff
[    67.984] (WW) The directory "/usr/share/fonts/X11/cyrillic" does not exist.
[    67.984] 	Entry deleted from font path.
[    67.984] (WW) The directory "/usr/share/fonts/X11/100dpi/" does not exist.
[    67.984] 	Entry deleted from font path.
[    67.984] (WW) The directory "/usr/share/fonts/X11/75dpi/" does not exist.
[    67.984] 	Entry deleted from font path.
[    67.984] (WW) The directory "/usr/share/fonts/X11/100dpi" does not exist.
[    67.984] 	Entry deleted from font path.
[    67.984] (WW) The directory "/usr/share/fonts/X11/75dpi" does not exist.
[    67.984] 	Entry deleted from font path.
[    67.984] (==) FontPath set to:
	/usr/share/fonts/X11/misc,
	/usr/share/fonts/X11/Type1,
	built-ins
[    67.984] (==) ModulePath set to "/usr/lib/xorg/modules"
[    67.984] (II) The server relies on udev to provide the list of input devices.
	If no devices become available, reconfigure udev or disable AutoAddDevices.
[    67.984] (II) Loader magic: 0x558701a79020
[    67.984] (II) Module ABI versions:
[    67.984] 	X.Org ANSI C Emulation: 0.4
[    67.984] 	X.Org Video Driver: 24.1
[    67.984] 	X.Org XInput driver : 24.1
[    67.984] 	X.Org Server Extension : 10.0
[    67.985] (++) using VT number 2

[    67.990] (II) systemd-logind: took control of session /org/freedesktop/login1/session/_32
[    67.992] (II) xfree86: Adding drm device (/dev/dri/card0)
[    67.994] (II) systemd-logind: got fd for /dev/dri/card0 226:0 fd 12 paused 0
[    68.001] (--) PCI:*(0@0:15:0) 15ad:0405:15ad:0405 rev 0, Mem @ 0xe8000000/134217728, 0xfe000000/8388608, I/O @ 0x00001070/16, BIOS @ 0x????????/131072
[    68.001] (II) LoadModule: "glx"
[    68.003] (II) Loading /usr/lib/xorg/modules/extensions/libglx.so
[    68.006] (II) Module glx: vendor="X.Org Foundation"
[    68.006] 	compiled for 1.20.8, module version = 1.0.0
[    68.006] 	ABI class: X.Org Server Extension, version 10.0
[    68.006] (==) Matched vmware as autoconfigured driver 0
[    68.006] (==) Matched modesetting as autoconfigured driver 1
[    68.006] (==) Matched fbdev as autoconfigured driver 2
[    68.006] (==) Matched vesa as autoconfigured driver 3
[    68.006] (==) Assigned the driver to the xf86ConfigLayout
[    68.006] (II) LoadModule: "vmware"
[    68.006] (II) Loading /usr/lib/xorg/modules/drivers/vmware_drv.so
[    68.040] (II) Module vmware: vendor="X.Org Foundation"
[    68.040] 	compiled for 1.20.1, module version = 13.3.0
[    68.040] 	Module class: X.Org Video Driver
[    68.040] 	ABI class: X.Org Video Driver, version 24.0
[    68.040] (II) LoadModule: "modesetting"
[    68.040] (II) Loading /usr/lib/xorg/modules/drivers/modesetting_drv.so
[    68.041] (II) Module modesetting: vendor="X.Org Foundation"
[    68.041] 	compiled for 1.20.8, module version = 1.20.8
[    68.041] 	Module class: X.Org Video Driver
[    68.041] 	ABI class: X.Org Video Driver, version 24.1
[    68.041] (II) LoadModule: "fbdev"
[    68.042] (II) Loading /usr/lib/xorg/modules/drivers/fbdev_drv.so
[    68.042] (II) Module fbdev: vendor="X.Org Foundation"
[    68.042] 	compiled for 1.20.1, module version = 0.5.0
[    68.042] 	Module class: X.Org Video Driver
[    68.042] 	ABI class: X.Org Video Driver, version 24.0
[    68.042] (II) LoadModule: "vesa"
[    68.042] (II) Loading /usr/lib/xorg/modules/drivers/vesa_drv.so
[    68.043] (II) Module vesa: vendor="X.Org Foundation"
[    68.043] 	compiled for 1.20.1, module version = 2.4.0
[    68.043] 	Module class: X.Org Video Driver
[    68.043] 	ABI class: X.Org Video Driver, version 24.0
[    68.043] (II) vmware: driver for VMware SVGA: vmware0405, vmware0710
[    68.043] (II) modesetting: Driver for Modesetting Kernel Drivers: kms
[    68.043] (II) FBDEV: driver for framebuffer: fbdev
[    68.043] (II) VESA: driver for VESA chipsets: vesa
[    68.043] xf86EnableIOPorts: failed to set IOPL for I/O (Operation not permitted)
[    68.043] (WW) Falling back to old probe method for modesetting
[    68.043] (WW) Falling back to old probe method for fbdev
[    68.043] (II) Loading sub module "fbdevhw"
[    68.043] (II) LoadModule: "fbdevhw"
[    68.044] (II) Loading /usr/lib/xorg/modules/libfbdevhw.so
[    68.044] (II) Module fbdevhw: vendor="X.Org Foundation"
[    68.044] 	compiled for 1.20.8, module version = 0.0.2
[    68.044] 	ABI class: X.Org Video Driver, version 24.1
[    68.044] (EE) open /dev/fb0: Permission denied
[    68.044] (WW) VGA arbiter: cannot open kernel arbiter, no multi-card support
[    68.044] (II) vmware(0): Creating default Display subsection in Screen section
	"Default Screen Section" for depth/fbbpp 24/32
[    68.044] (--) vmware(0): DRM driver version is 2.15.0
[    68.044] (==) vmware(0): Depth 24, (--) framebuffer bpp 32
[    68.044] (==) vmware(0): RGB weight 888
[    68.044] (==) vmware(0): Default visual is TrueColor
[    68.044] (--) vmware(0): Min width 1, Max Width 16384.
[    68.044] (--) vmware(0): Min height 1, Max Height 16384.
[    68.045] (II) vmware(0): Output Virtual1 has no monitor section
[    68.045] (II) vmware(0): Output Virtual2 has no monitor section
[    68.045] (II) vmware(0): Output Virtual3 has no monitor section
[    68.045] (II) vmware(0): Output Virtual4 has no monitor section
[    68.045] (II) vmware(0): Output Virtual5 has no monitor section
[    68.045] (II) vmware(0): Output Virtual6 has no monitor section
[    68.045] (II) vmware(0): Output Virtual7 has no monitor section
[    68.045] (II) vmware(0): Output Virtual8 has no monitor section
[    68.046] (II) vmware(0): Printing probed modes for output Virtual1
[    68.046] (II) vmware(0): Modeline "1718x851"x60.0  112.19  1718 1768 1818 1868  851 901 951 1001 -hsync +vsync (60.1 kHz eP)
[    68.046] (II) vmware(0): Modeline "2560x1600"x60.0  348.50  2560 2752 3032 3504  1600 1603 1609 1658 -hsync +vsync (99.5 kHz e)
[    68.046] (II) vmware(0): Modeline "1920x1440"x60.0  234.00  1920 2048 2256 2600  1440 1441 1444 1500 -hsync +vsync (90.0 kHz e)
[    68.046] (II) vmware(0): Modeline "1856x1392"x60.0  218.25  1856 1952 2176 2528  1392 1393 1396 1439 -hsync +vsync (86.3 kHz e)
[    68.046] (II) vmware(0): Modeline "1792x1344"x60.0  204.75  1792 1920 2120 2448  1344 1345 1348 1394 -hsync +vsync (83.6 kHz e)
[    68.046] (II) vmware(0): Modeline "1920x1200"x59.9  193.25  1920 2056 2256 2592  1200 1203 1209 1245 -hsync +vsync (74.6 kHz e)
[    68.046] (II) vmware(0): Modeline "1600x1200"x60.0  162.00  1600 1664 1856 2160  1200 1201 1204 1250 +hsync +vsync (75.0 kHz e)
[    68.046] (II) vmware(0): Modeline "1680x1050"x60.0  146.25  1680 1784 1960 2240  1050 1053 1059 1089 -hsync +vsync (65.3 kHz e)
[    68.046] (II) vmware(0): Modeline "1400x1050"x60.0  121.75  1400 1488 1632 1864  1050 1053 1057 1089 -hsync +vsync (65.3 kHz e)
[    68.046] (II) vmware(0): Modeline "1280x1024"x60.0  108.00  1280 1328 1440 1688  1024 1025 1028 1066 +hsync +vsync (64.0 kHz e)
[    68.046] (II) vmware(0): Modeline "1440x900"x59.9  106.50  1440 1520 1672 1904  900 903 909 934 -hsync +vsync (55.9 kHz e)
[    68.046] (II) vmware(0): Modeline "1280x960"x60.0  108.00  1280 1376 1488 1800  960 961 964 1000 +hsync +vsync (60.0 kHz e)
[    68.046] (II) vmware(0): Modeline "1360x768"x60.0   85.50  1360 1424 1536 1792  768 771 777 795 +hsync +vsync (47.7 kHz e)
[    68.046] (II) vmware(0): Modeline "1280x800"x59.8   83.50  1280 1352 1480 1680  800 803 809 831 +hsync -vsync (49.7 kHz e)
[    68.046] (II) vmware(0): Modeline "1152x864"x75.0  108.00  1152 1216 1344 1600  864 865 868 900 +hsync +vsync (67.5 kHz e)
[    68.046] (II) vmware(0): Modeline "1280x768"x59.9   79.50  1280 1344 1472 1664  768 771 778 798 -hsync +vsync (47.8 kHz e)
[    68.046] (II) vmware(0): Modeline "1024x768"x60.0   65.00  1024 1048 1184 1344  768 771 777 806 -hsync -vsync (48.4 kHz e)
[    68.046] (II) vmware(0): Modeline "800x600"x60.3   40.00  800 840 968 1056  600 601 605 628 +hsync +vsync (37.9 kHz e)
[    68.046] (II) vmware(0): Modeline "640x480"x59.9   25.18  640 656 752 800  480 489 492 525 -hsync -vsync (31.5 kHz e)
[    68.046] (II) vmware(0): EDID for output Virtual2
[    68.046] (II) vmware(0): EDID for output Virtual3
[    68.046] (II) vmware(0): EDID for output Virtual4
[    68.046] (II) vmware(0): EDID for output Virtual5
[    68.046] (II) vmware(0): EDID for output Virtual6
[    68.046] (II) vmware(0): EDID for output Virtual7
[    68.046] (II) vmware(0): EDID for output Virtual8
[    68.046] (II) vmware(0): Output Virtual1 connected
[    68.046] (II) vmware(0): Output Virtual2 disconnected
[    68.046] (II) vmware(0): Output Virtual3 disconnected
[    68.046] (II) vmware(0): Output Virtual4 disconnected
[    68.046] (II) vmware(0): Output Virtual5 disconnected
[    68.046] (II) vmware(0): Output Virtual6 disconnected
[    68.046] (II) vmware(0): Output Virtual7 disconnected
[    68.046] (II) vmware(0): Output Virtual8 disconnected
[    68.046] (II) vmware(0): Using exact sizes for initial modes
[    68.046] (II) vmware(0): Output Virtual1 using initial mode 1718x851 +0+0
[    68.046] (==) vmware(0): DPI set to (96, 96)
[    68.046] (==) vmware(0): Using gamma correction (1.0, 1.0, 1.0)
[    68.046] (II) Loading sub module "fb"
[    68.046] (II) LoadModule: "fb"
[    68.047] (II) Loading /usr/lib/xorg/modules/libfb.so
[    68.049] (II) Module fb: vendor="X.Org Foundation"
[    68.049] 	compiled for 1.20.8, module version = 1.0.0
[    68.049] 	ABI class: X.Org ANSI C Emulation, version 0.4
[    68.049] (II) Loading sub module "dri2"
[    68.049] (II) LoadModule: "dri2"
[    68.049] (II) Module "dri2" already built-in
[    68.049] (II) Loading sub module "dri3"
[    68.049] (II) LoadModule: "dri3"
[    68.049] (II) Module "dri3" already built-in
[    68.049] (II) UnloadModule: "modesetting"
[    68.049] (II) Unloading modesetting
[    68.049] (II) UnloadModule: "fbdev"
[    68.049] (II) Unloading fbdev
[    68.049] (II) UnloadSubModule: "fbdevhw"
[    68.050] (II) Unloading fbdevhw
[    68.050] (II) UnloadModule: "vesa"
[    68.050] (II) Unloading vesa
[    68.051] (II) vmware(0): Initialized VMWARE_CTRL extension version 0.2
[    68.080] (II) vmware(0): Gallium3D XA version: 2.5.0.
[    68.080] (II) vmware(0): Path of drm device is "/dev/dri/card0".
[    68.080] (II) vmware(0): [DRI2] Setup complete
[    68.080] (II) vmware(0): [DRI2]   DRI driver: vmwgfx
[    68.770] (--) vmware(0): Render acceleration is enabled.
[    68.771] (==) vmware(0): Rendercheck mode is disabled.
[    68.771] (--) vmware(0): Direct rendering (DRI2 3D) is enabled.
[    68.771] (--) vmware(0): Direct rendering (DRI3 3D) is enabled.
[    68.771] (==) vmware(0): Direct presents are disabled.
[    68.771] (==) vmware(0): Hardware only presents are automatic per scanout.
[    68.772] (==) vmware(0): Backing store enabled
[    68.772] (==) vmware(0): Silken mouse enabled
[    68.774] (==) vmware(0): DPMS enabled
[    68.774] (II) Initializing extension Generic Event Extension
[    68.775] (II) Initializing extension SHAPE
[    68.775] (II) Initializing extension MIT-SHM
[    68.775] (II) Initializing extension XInputExtension
[    68.776] (II) Initializing extension XTEST
[    68.777] (II) Initializing extension BIG-REQUESTS
[    68.777] (II) Initializing extension SYNC
[    68.778] (II) Initializing extension XKEYBOARD
[    68.778] (II) Initializing extension XC-MISC
[    68.779] (II) Initializing extension SECURITY
[    68.779] (II) Initializing extension XFIXES
[    68.780] (II) Initializing extension RENDER
[    68.780] (II) Initializing extension RANDR
[    68.781] (II) Initializing extension COMPOSITE
[    68.781] (II) Initializing extension DAMAGE
[    68.781] (II) Initializing extension MIT-SCREEN-SAVER
[    68.782] (II) Initializing extension DOUBLE-BUFFER
[    68.782] (II) Initializing extension RECORD
[    68.783] (II) Initializing extension DPMS
[    68.783] (II) Initializing extension Present
[    68.783] (II) Initializing extension DRI3
[    68.784] (II) Initializing extension X-Resource
[    68.784] (II) Initializing extension XVideo
[    68.785] (II) Initializing extension XVideo-MotionCompensation
[    68.785] (II) Initializing extension SELinux
[    68.785] (II) SELinux: Disabled on system
[    68.785] (II) Initializing extension GLX
[    68.808] (II) AIGLX: Loaded and initialized vmwgfx
[    68.809] (II) GLX: Initialized DRI2 GL provider for screen 0
[    68.809] (II) Initializing extension XFree86-VidModeExtension
[    68.809] (II) Initializing extension XFree86-DGA
[    68.810] (II) Initializing extension XFree86-DRI
[    68.810] (II) Initializing extension DRI2
[    68.817] (II) vmware(0): Setting screen physical size to 454 x 225
[    68.889] (II) config/udev: Adding input device Power Button (/dev/input/event0)
[    68.889] (**) Power Button: Applying InputClass "libinput keyboard catchall"
[    68.889] (II) LoadModule: "libinput"
[    68.890] (II) Loading /usr/lib/xorg/modules/input/libinput_drv.so
[    68.893] (II) Module libinput: vendor="X.Org Foundation"
[    68.893] 	compiled for 1.20.1, module version = 0.28.1
[    68.893] 	Module class: X.Org XInput Driver
[    68.893] 	ABI class: X.Org XInput driver, version 24.1
[    68.894] (II) Using input driver 'libinput' for 'Power Button'
[    68.896] (II) systemd-logind: got fd for /dev/input/event0 13:64 fd 24 paused 0
[    68.898] (**) Power Button: always reports core events
[    68.898] (**) Option "Device" "/dev/input/event0"
[    68.898] (**) Option "_source" "server/udev"
[    68.899] (II) event0  - Power Button: is tagged by udev as: Keyboard
[    68.899] (II) event0  - Power Button: device is a keyboard
[    68.899] (II) event0  - Power Button: device removed
[    68.899] (**) Option "config_info" "udev:/sys/devices/LNXSYSTM:00/LNXPWRBN:00/input/input0/event0"
[    68.899] (II) XINPUT: Adding extended input device "Power Button" (type: KEYBOARD, id 6)
[    68.899] (**) Option "xkb_model" "SKIP"
[    68.899] (**) Option "xkb_layout" "us"
[    68.938] (II) event0  - Power Button: is tagged by udev as: Keyboard
[    68.938] (II) event0  - Power Button: device is a keyboard
[    68.940] (II) config/udev: Adding input device VMware VMware Virtual USB Mouse (/dev/input/event4)
[    68.941] (**) VMware VMware Virtual USB Mouse: Applying InputClass "libinput pointer catchall"
[    68.941] (II) Using input driver 'libinput' for 'VMware VMware Virtual USB Mouse'
[    69.004] (II) systemd-logind: got fd for /dev/input/event4 13:68 fd 27 paused 0
[    69.004] (**) VMware VMware Virtual USB Mouse: always reports core events
[    69.004] (**) Option "Device" "/dev/input/event4"
[    69.004] (**) Option "_source" "server/udev"
[    69.005] (II) event4  - VMware VMware Virtual USB Mouse: is tagged by udev as: Mouse
[    69.005] (II) event4  - VMware VMware Virtual USB Mouse: device is a pointer
[    69.005] (II) event4  - VMware VMware Virtual USB Mouse: device removed
[    69.006] (**) Option "config_info" "udev:/sys/devices/pci0000:00/0000:00:11.0/0000:02:00.0/usb2/2-1/2-1:1.0/0003:0E0F:0003.0001/input/input5/event4"
[    69.006] (II) XINPUT: Adding extended input device "VMware VMware Virtual USB Mouse" (type: MOUSE, id 7)
[    69.006] (**) Option "AccelerationScheme" "none"
[    69.006] (**) VMware VMware Virtual USB Mouse: (accel) selected scheme none/0
[    69.006] (**) VMware VMware Virtual USB Mouse: (accel) acceleration factor: 2.000
[    69.006] (**) VMware VMware Virtual USB Mouse: (accel) acceleration threshold: 4
[    69.007] (II) event4  - VMware VMware Virtual USB Mouse: is tagged by udev as: Mouse
[    69.007] (II) event4  - VMware VMware Virtual USB Mouse: device is a pointer
[    69.008] (II) config/udev: Adding input device VMware VMware Virtual USB Mouse (/dev/input/mouse2)
[    69.008] (II) No input driver specified, ignoring this device.
[    69.008] (II) This device may have been added with another device file.
[    69.009] (II) config/udev: Adding input device AT Translated Set 2 keyboard (/dev/input/event1)
[    69.009] (**) AT Translated Set 2 keyboard: Applying InputClass "libinput keyboard catchall"
[    69.009] (II) Using input driver 'libinput' for 'AT Translated Set 2 keyboard'
[    69.012] (II) systemd-logind: got fd for /dev/input/event1 13:65 fd 28 paused 0
[    69.013] (**) AT Translated Set 2 keyboard: always reports core events
[    69.013] (**) Option "Device" "/dev/input/event1"
[    69.013] (**) Option "_source" "server/udev"
[    69.014] (II) event1  - AT Translated Set 2 keyboard: is tagged by udev as: Keyboard
[    69.015] (II) event1  - AT Translated Set 2 keyboard: device is a keyboard
[    69.018] (II) event1  - AT Translated Set 2 keyboard: device removed
[    69.018] (**) Option "config_info" "udev:/sys/devices/platform/i8042/serio0/input/input1/event1"
[    69.019] (II) XINPUT: Adding extended input device "AT Translated Set 2 keyboard" (type: KEYBOARD, id 8)
[    69.019] (**) Option "xkb_model" "SKIP"
[    69.019] (**) Option "xkb_layout" "us"
[    69.021] (II) event1  - AT Translated Set 2 keyboard: is tagged by udev as: Keyboard
[    69.021] (II) event1  - AT Translated Set 2 keyboard: device is a keyboard
[    69.022] (II) config/udev: Adding input device VirtualPS/2 VMware VMMouse (/dev/input/event3)
[    69.022] (**) VirtualPS/2 VMware VMMouse: Applying InputClass "libinput pointer catchall"
[    69.023] (II) Using input driver 'libinput' for 'VirtualPS/2 VMware VMMouse'
[    69.026] (II) systemd-logind: got fd for /dev/input/event3 13:67 fd 29 paused 0
[    69.026] (**) VirtualPS/2 VMware VMMouse: always reports core events
[    69.026] (**) Option "Device" "/dev/input/event3"
[    69.027] (**) Option "_source" "server/udev"
[    69.030] (II) event3  - VirtualPS/2 VMware VMMouse: is tagged by udev as: Mouse
[    69.030] (II) event3  - VirtualPS/2 VMware VMMouse: device is a pointer
[    69.030] (II) event3  - VirtualPS/2 VMware VMMouse: device removed
[    69.030] (**) Option "config_info" "udev:/sys/devices/platform/i8042/serio1/input/input3/event3"
[    69.031] (II) XINPUT: Adding extended input device "VirtualPS/2 VMware VMMouse" (type: MOUSE, id 9)
[    69.031] (**) Option "AccelerationScheme" "none"
[    69.031] (**) VirtualPS/2 VMware VMMouse: (accel) selected scheme none/0
[    69.031] (**) VirtualPS/2 VMware VMMouse: (accel) acceleration factor: 2.000
[    69.032] (**) VirtualPS/2 VMware VMMouse: (accel) acceleration threshold: 4
[    69.032] (II) event3  - VirtualPS/2 VMware VMMouse: is tagged by udev as: Mouse
[    69.033] (II) event3  - VirtualPS/2 VMware VMMouse: device is a pointer
[    69.034] (II) config/udev: Adding input device VirtualPS/2 VMware VMMouse (/dev/input/mouse1)
[    69.035] (II) No input driver specified, ignoring this device.
[    69.035] (II) This device may have been added with another device file.
[    69.036] (II) config/udev: Adding input device VirtualPS/2 VMware VMMouse (/dev/input/event2)
[    69.036] (**) VirtualPS/2 VMware VMMouse: Applying InputClass "libinput pointer catchall"
[    69.036] (II) Using input driver 'libinput' for 'VirtualPS/2 VMware VMMouse'
[    69.038] (II) systemd-logind: got fd for /dev/input/event2 13:66 fd 30 paused 0
[    69.038] (**) VirtualPS/2 VMware VMMouse: always reports core events
[    69.038] (**) Option "Device" "/dev/input/event2"
[    69.038] (**) Option "_source" "server/udev"
[    69.039] (II) event2  - VirtualPS/2 VMware VMMouse: is tagged by udev as: Mouse
[    69.039] (II) event2  - VirtualPS/2 VMware VMMouse: device is a pointer
[    69.039] (II) event2  - VirtualPS/2 VMware VMMouse: device removed
[    69.039] (**) Option "config_info" "udev:/sys/devices/platform/i8042/serio1/input/input4/event2"
[    69.039] (II) XINPUT: Adding extended input device "VirtualPS/2 VMware VMMouse" (type: MOUSE, id 10)
[    69.040] (**) Option "AccelerationScheme" "none"
[    69.040] (**) VirtualPS/2 VMware VMMouse: (accel) selected scheme none/0
[    69.040] (**) VirtualPS/2 VMware VMMouse: (accel) acceleration factor: 2.000
[    69.040] (**) VirtualPS/2 VMware VMMouse: (accel) acceleration threshold: 4
[    69.041] (II) event2  - VirtualPS/2 VMware VMMouse: is tagged by udev as: Mouse
[    69.041] (II) event2  - VirtualPS/2 VMware VMMouse: device is a pointer
[    69.041] (II) config/udev: Adding input device VirtualPS/2 VMware VMMouse (/dev/input/mouse0)
[    69.042] (II) No input driver specified, ignoring this device.
[    69.042] (II) This device may have been added with another device file.
